<?xml version="1.0" encoding="UTF-8"?>
<testng-results skipped="0" failed="2" total="3" passed="1">
  <reporter-output>
  </reporter-output>
  <suite name="Default suite" duration-ms="65560" started-at="2017-11-18T00:21:56Z" finished-at="2017-11-18T00:23:02Z">
    <groups>
    </groups>
    <test name="Default test" duration-ms="65560" started-at="2017-11-18T00:21:56Z" finished-at="2017-11-18T00:23:02Z">
      <class name="login.LoginTest">
        <test-method status="PASS" signature="setUp()[pri:0, instance:login.LoginTest@59494225]" name="setUp" is-config="true" duration-ms="28545" started-at="2017-11-17T22:21:56Z" finished-at="2017-11-17T22:22:25Z">
          <reporter-output>
          </reporter-output>
        </test-method> <!-- setUp -->
        <test-method status="FAIL" signature="nextMethod()[pri:0, instance:login.LoginTest@59494225]" name="nextMethod" duration-ms="151" started-at="2017-11-17T22:22:25Z" finished-at="2017-11-17T22:22:25Z">
          <exception class="java.lang.IllegalArgumentException">
            <message>
              <![CDATA[Can not set io.appium.java_client.MobileElement field appobjects.VerticalListObj.botaoFavoritar to org.openqa.selenium.remote.RemoteWebElement$$EnhancerByCGLIB$$d27c0df4]]>
            </message>
            <full-stacktrace>
              <![CDATA[java.lang.IllegalArgumentException: Can not set io.appium.java_client.MobileElement field appobjects.VerticalListObj.botaoFavoritar to org.openqa.selenium.remote.RemoteWebElement$$EnhancerByCGLIB$$d27c0df4
	at sun.reflect.UnsafeFieldAccessorImpl.throwSetIllegalArgumentException(UnsafeFieldAccessorImpl.java:167)
	at sun.reflect.UnsafeFieldAccessorImpl.throwSetIllegalArgumentException(UnsafeFieldAccessorImpl.java:171)
	at sun.reflect.UnsafeObjectFieldAccessorImpl.set(UnsafeObjectFieldAccessorImpl.java:81)
	at java.lang.reflect.Field.set(Field.java:764)
	at org.openqa.selenium.support.PageFactory.proxyFields(PageFactory.java:117)
	at org.openqa.selenium.support.PageFactory.initElements(PageFactory.java:105)
	at appobjects.VerticalListObj.<init>(VerticalListObj.java:13)
	at action.VerticalListAction.<init>(VerticalListAction.java:20)
	at verticalList.OpenListaVertical.testMenorSelect(OpenListaVertical.java:49)
	at login.LoginTest.nextMethod(LoginTest.java:69)
	at sun.reflect.NativeMethodAccessorImpl.invoke0(Native Method)
	at sun.reflect.NativeMethodAccessorImpl.invoke(NativeMethodAccessorImpl.java:62)
	at sun.reflect.DelegatingMethodAccessorImpl.invoke(DelegatingMethodAccessorImpl.java:43)
	at java.lang.reflect.Method.invoke(Method.java:498)
	at org.testng.internal.MethodInvocationHelper.invokeMethod(MethodInvocationHelper.java:80)
	at org.testng.internal.Invoker.invokeMethod(Invoker.java:714)
	at org.testng.internal.Invoker.invokeTestMethod(Invoker.java:901)
	at org.testng.internal.Invoker.invokeTestMethods(Invoker.java:1231)
	at org.testng.internal.TestMethodWorker.invokeTestMethods(TestMethodWorker.java:127)
	at org.testng.internal.TestMethodWorker.run(TestMethodWorker.java:111)
	at org.testng.TestRunner.privateRun(TestRunner.java:767)
	at org.testng.TestRunner.run(TestRunner.java:617)
	at org.testng.SuiteRunner.runTest(SuiteRunner.java:334)
	at org.testng.SuiteRunner.runSequentially(SuiteRunner.java:329)
	at org.testng.SuiteRunner.privateRun(SuiteRunner.java:291)
	at org.testng.SuiteRunner.run(SuiteRunner.java:240)
	at org.testng.SuiteRunnerWorker.runSuite(SuiteRunnerWorker.java:52)
	at org.testng.SuiteRunnerWorker.run(SuiteRunnerWorker.java:86)
	at org.testng.TestNG.runSuitesSequentially(TestNG.java:1198)
	at org.testng.TestNG.runSuitesLocally(TestNG.java:1123)
	at org.testng.TestNG.run(TestNG.java:1031)
	at org.testng.remote.AbstractRemoteTestNG.run(AbstractRemoteTestNG.java:114)
	at org.testng.remote.RemoteTestNG.initAndRun(RemoteTestNG.java:251)
	at org.testng.remote.RemoteTestNG.main(RemoteTestNG.java:77)
]]>
            </full-stacktrace>
          </exception> <!-- java.lang.IllegalArgumentException -->
          <reporter-output>
          </reporter-output>
        </test-method> <!-- nextMethod -->
        <test-method status="PASS" signature="resetApp()[pri:0, instance:login.LoginTest@59494225]" name="resetApp" is-config="true" duration-ms="4700" started-at="2017-11-17T22:22:25Z" finished-at="2017-11-17T22:22:30Z">
          <reporter-output>
          </reporter-output>
        </test-method> <!-- resetApp -->
        <test-method status="FAIL" signature="testEntrarComLogin_ComTermos()[pri:0, instance:login.LoginTest@59494225]" name="testEntrarComLogin_ComTermos" duration-ms="16008" started-at="2017-11-17T22:22:30Z" finished-at="2017-11-17T22:22:46Z">
          <exception class="org.openqa.selenium.WebDriverException">
            <message>
              <![CDATA[An unknown server-side error occurred while processing the command. Original error: Soft keyboard not present, cannot hide keyboard (WARNING: The server did not provide any stacktrace information)
Command duration or timeout: 0 milliseconds
Build info: version: '3.6.0', revision: '6fbf3ec767', time: '2017-09-27T15:28:36.4Z'
System info: host: 'W3070588', ip: '10.0.75.1', os.name: 'Windows 10', os.arch: 'amd64', os.version: '10.0', java.version: '1.8.0_131'
Driver info: io.appium.java_client.android.AndroidDriver
Capabilities [{app=C:\Users\16111210\Desktop\adocoes-android\adocoes-android\app\build\outputs\apk\debug\app-debug.apk, appPackage=br.pucrs.ages.adocoes, deviceScreenSize=1440x2560, networkConnectionEnabled=true, warnings={}, appWaitPackage=br.pucrs.ages.adocoes, appWaitActivity=br.pucrs.ages.adocoes.Funcionalidades.Login.LoginActivity, databaseEnabled=false, deviceName=0416041347922503, platform=LINUX, deviceUDID=0416041347922503, appActivity=br.pucrs.ages.adocoes.Funcionalidades.Login.LoginActivity, desired={app=C:\Users\16111210\Desktop\adocoes-android\adocoes-android\app\build\outputs\apk\debug\app-debug.apk, platformName=Android, deviceName=Samsung SM-G920I}, platformVersion=7.0, webStorageEnabled=false, locationContextEnabled=false, takesScreenshot=true, javascriptEnabled=true, deviceModel=SM-G920I, deviceManufacturer=samsung, platformName=LINUX}]
Session ID: 8b31b73c-72d5-4cd4-a21f-e13b59204ff9]]>
            </message>
            <full-stacktrace>
              <![CDATA[org.openqa.selenium.WebDriverException: An unknown server-side error occurred while processing the command. Original error: Soft keyboard not present, cannot hide keyboard (WARNING: The server did not provide any stacktrace information)
Command duration or timeout: 0 milliseconds
Build info: version: '3.6.0', revision: '6fbf3ec767', time: '2017-09-27T15:28:36.4Z'
System info: host: 'W3070588', ip: '10.0.75.1', os.name: 'Windows 10', os.arch: 'amd64', os.version: '10.0', java.version: '1.8.0_131'
Driver info: io.appium.java_client.android.AndroidDriver
Capabilities [{app=C:\Users\16111210\Desktop\adocoes-android\adocoes-android\app\build\outputs\apk\debug\app-debug.apk, appPackage=br.pucrs.ages.adocoes, deviceScreenSize=1440x2560, networkConnectionEnabled=true, warnings={}, appWaitPackage=br.pucrs.ages.adocoes, appWaitActivity=br.pucrs.ages.adocoes.Funcionalidades.Login.LoginActivity, databaseEnabled=false, deviceName=0416041347922503, platform=LINUX, deviceUDID=0416041347922503, appActivity=br.pucrs.ages.adocoes.Funcionalidades.Login.LoginActivity, desired={app=C:\Users\16111210\Desktop\adocoes-android\adocoes-android\app\build\outputs\apk\debug\app-debug.apk, platformName=Android, deviceName=Samsung SM-G920I}, platformVersion=7.0, webStorageEnabled=false, locationContextEnabled=false, takesScreenshot=true, javascriptEnabled=true, deviceModel=SM-G920I, deviceManufacturer=samsung, platformName=LINUX}]
Session ID: 8b31b73c-72d5-4cd4-a21f-e13b59204ff9
	at sun.reflect.NativeConstructorAccessorImpl.newInstance0(Native Method)
	at sun.reflect.NativeConstructorAccessorImpl.newInstance(NativeConstructorAccessorImpl.java:62)
	at sun.reflect.DelegatingConstructorAccessorImpl.newInstance(DelegatingConstructorAccessorImpl.java:45)
	at java.lang.reflect.Constructor.newInstance(Constructor.java:423)
	at org.openqa.selenium.remote.ErrorHandler.createThrowable(ErrorHandler.java:214)
	at org.openqa.selenium.remote.ErrorHandler.throwIfResponseFailed(ErrorHandler.java:166)
	at org.openqa.selenium.remote.http.JsonHttpResponseCodec.reconstructValue(JsonHttpResponseCodec.java:40)
	at org.openqa.selenium.remote.http.AbstractHttpResponseCodec.decode(AbstractHttpResponseCodec.java:82)
	at org.openqa.selenium.remote.http.AbstractHttpResponseCodec.decode(AbstractHttpResponseCodec.java:45)
	at org.openqa.selenium.remote.HttpCommandExecutor.execute(HttpCommandExecutor.java:164)
	at io.appium.java_client.remote.AppiumCommandExecutor.execute(AppiumCommandExecutor.java:89)
	at org.openqa.selenium.remote.RemoteWebDriver.execute(RemoteWebDriver.java:586)
	at io.appium.java_client.DefaultGenericMobileDriver.execute(DefaultGenericMobileDriver.java:46)
	at io.appium.java_client.AppiumDriver.execute(AppiumDriver.java:1)
	at io.appium.java_client.android.AndroidDriver.execute(AndroidDriver.java:1)
	at io.appium.java_client.HidesKeyboard.hideKeyboard(HidesKeyboard.java:27)
	at action.LoginAction.entrarComLogin(LoginAction.java:24)
	at login.LoginTest.testEntrarComLogin_ComTermos(LoginTest.java:61)
	at sun.reflect.NativeMethodAccessorImpl.invoke0(Native Method)
	at sun.reflect.NativeMethodAccessorImpl.invoke(NativeMethodAccessorImpl.java:62)
	at sun.reflect.DelegatingMethodAccessorImpl.invoke(DelegatingMethodAccessorImpl.java:43)
	at java.lang.reflect.Method.invoke(Method.java:498)
	at org.testng.internal.MethodInvocationHelper.invokeMethod(MethodInvocationHelper.java:80)
	at org.testng.internal.Invoker.invokeMethod(Invoker.java:714)
	at org.testng.internal.Invoker.invokeTestMethod(Invoker.java:901)
	at org.testng.internal.Invoker.invokeTestMethods(Invoker.java:1231)
	at org.testng.internal.TestMethodWorker.invokeTestMethods(TestMethodWorker.java:127)
	at org.testng.internal.TestMethodWorker.run(TestMethodWorker.java:111)
	at org.testng.TestRunner.privateRun(TestRunner.java:767)
	at org.testng.TestRunner.run(TestRunner.java:617)
	at org.testng.SuiteRunner.runTest(SuiteRunner.java:334)
	at org.testng.SuiteRunner.runSequentially(SuiteRunner.java:329)
	at org.testng.SuiteRunner.privateRun(SuiteRunner.java:291)
	at org.testng.SuiteRunner.run(SuiteRunner.java:240)
	at org.testng.SuiteRunnerWorker.runSuite(SuiteRunnerWorker.java:52)
	at org.testng.SuiteRunnerWorker.run(SuiteRunnerWorker.java:86)
	at org.testng.TestNG.runSuitesSequentially(TestNG.java:1198)
	at org.testng.TestNG.runSuitesLocally(TestNG.java:1123)
	at org.testng.TestNG.run(TestNG.java:1031)
	at org.testng.remote.AbstractRemoteTestNG.run(AbstractRemoteTestNG.java:114)
	at org.testng.remote.RemoteTestNG.initAndRun(RemoteTestNG.java:251)
	at org.testng.remote.RemoteTestNG.main(RemoteTestNG.java:77)
]]>
            </full-stacktrace>
          </exception> <!-- org.openqa.selenium.WebDriverException -->
          <reporter-output>
          </reporter-output>
        </test-method> <!-- testEntrarComLogin_ComTermos -->
        <test-method status="PASS" signature="resetApp()[pri:0, instance:login.LoginTest@59494225]" name="resetApp" is-config="true" duration-ms="4624" started-at="2017-11-17T22:22:46Z" finished-at="2017-11-17T22:22:50Z">
          <reporter-output>
          </reporter-output>
        </test-method> <!-- resetApp -->
        <test-method status="PASS" signature="testEntrarSemLogin_ComTermos()[pri:0, instance:login.LoginTest@59494225]" name="testEntrarSemLogin_ComTermos" duration-ms="6711" started-at="2017-11-17T22:22:50Z" finished-at="2017-11-17T22:22:57Z">
          <reporter-output>
          </reporter-output>
        </test-method> <!-- testEntrarSemLogin_ComTermos -->
        <test-method status="PASS" signature="resetApp()[pri:0, instance:login.LoginTest@59494225]" name="resetApp" is-config="true" duration-ms="4794" started-at="2017-11-17T22:22:57Z" finished-at="2017-11-17T22:23:02Z">
          <reporter-output>
          </reporter-output>
        </test-method> <!-- resetApp -->
      </class> <!-- login.LoginTest -->
    </test> <!-- Default test -->
  </suite> <!-- Default suite -->
</testng-results>
